# JRE version: Java(TM) SE Runtime Environment (24.0.2+12) (build 24.0.2+12-54)
# Java VM: Java HotSpot(TM) 64-Bit Server VM (24.0.2+12-54, mixed mode, sharing, tiered, compressed oops, compressed class ptrs, g1 gc, windows-amd64)
GC Precious Log:
 CardTable entry size: 512
 Card Set container configuration: InlinePtr #cards 5 size 8 Array Of Cards #cards 10 size 36 Howl #buckets 4 coarsen threshold 1843 Howl Bitmap #cards 512 size 80 coarsen threshold 460 Card regions per heap region 1 cards per card region 2048
 CPUs: 12 total, 12 available
 Memory: 5987M
 Large Page Support: Disabled
 NUMA Support: Disabled
 Compressed Oops: Enabled (32-bit)
 Heap Region Size: 1M
 Heap Min Capacity: 8M
 Heap Initial Capacity: 94M
 Heap Max Capacity: 1498M
 Pre-touch: Disabled
 Parallel Workers: 10
 Concurrent Workers: 3
 Concurrent Refinement Workers: 10
 Periodic GC: Disabled
Heap:
 garbage-first heap   total reserved 1533952K, committed 101376K, used 89475K [0x00000000a2600000, 0x0000000100000000)
  region size 1024K, 29 young (29696K), 2 survivors (2048K)
 Metaspace       used 58084K, committed 58880K, reserved 1114112K
  class space    used 5841K, committed 6208K, reserved 1048576K
GC Heap History (20 events):
Event: 5.215 GC heap before
{Heap before GC invocations=7 (full 0):
 garbage-first heap   total reserved 1533952K, committed 73728K, used 55731K [0x00000000a2600000, 0x0000000100000000)
  region size 1024K, 35 young (35840K), 2 survivors (2048K)
 Metaspace       used 39221K, committed 40000K, reserved 1114112K
  class space    used 4112K, committed 4480K, reserved 1048576K
}
Event: 5.224 GC heap after
{Heap after GC invocations=8 (full 0):
 garbage-first heap   total reserved 1533952K, committed 73728K, used 24489K [0x00000000a2600000, 0x0000000100000000)
  region size 1024K, 5 young (5120K), 5 survivors (5120K)
 Metaspace       used 39221K, committed 40000K, reserved 1114112K
  class space    used 4112K, committed 4480K, reserved 1048576K
}
Event: 5.846 GC heap before
{Heap before GC invocations=8 (full 0):
 garbage-first heap   total reserved 1533952K, committed 73728K, used 59305K [0x00000000a2600000, 0x0000000100000000)
  region size 1024K, 37 young (37888K), 5 survivors (5120K)
 Metaspace       used 45593K, committed 46336K, reserved 1114112K
  class space    used 4754K, committed 5120K, reserved 1048576K
}
Event: 5.858 GC heap after
{Heap after GC invocations=9 (full 0):
 garbage-first heap   total reserved 1533952K, committed 73728K, used 29340K [0x00000000a2600000, 0x0000000100000000)
  region size 1024K, 4 young (4096K), 4 survivors (4096K)
 Metaspace       used 45593K, committed 46336K, reserved 1114112K
  class space    used 4754K, committed 5120K, reserved 1048576K
}
Event: 6.332 GC heap before
{Heap before GC invocations=9 (full 0):
 garbage-first heap   total reserved 1533952K, committed 73728K, used 60060K [0x00000000a2600000, 0x0000000100000000)
  region size 1024K, 34 young (34816K), 4 survivors (4096K)
 Metaspace       used 48159K, committed 48960K, reserved 1114112K
  class space    used 5008K, committed 5376K, reserved 1048576K
}
Event: 6.346 GC heap after
{Heap after GC invocations=10 (full 0):
 garbage-first heap   total reserved 1533952K, committed 73728K, used 35328K [0x00000000a2600000, 0x0000000100000000)
  region size 1024K, 5 young (5120K), 5 survivors (5120K)
 Metaspace       used 48159K, committed 48960K, reserved 1114112K
  class space    used 5008K, committed 5376K, reserved 1048576K
}
Event: 6.737 GC heap before
{Heap before GC invocations=10 (full 0):
 garbage-first heap   total reserved 1533952K, committed 73728K, used 60928K [0x00000000a2600000, 0x0000000100000000)
  region size 1024K, 30 young (30720K), 5 survivors (5120K)
 Metaspace       used 49123K, committed 49920K, reserved 1114112K
  class space    used 5047K, committed 5440K, reserved 1048576K
}
Event: 6.751 GC heap after
{Heap after GC invocations=11 (full 0):
 garbage-first heap   total reserved 1533952K, committed 89088K, used 40448K [0x00000000a2600000, 0x0000000100000000)
  region size 1024K, 4 young (4096K), 4 survivors (4096K)
 Metaspace       used 49123K, committed 49920K, reserved 1114112K
  class space    used 5047K, committed 5440K, reserved 1048576K
}
Event: 7.129 GC heap before
{Heap before GC invocations=11 (full 0):
 garbage-first heap   total reserved 1533952K, committed 89088K, used 73216K [0x00000000a2600000, 0x0000000100000000)
  region size 1024K, 36 young (36864K), 4 survivors (4096K)
 Metaspace       used 49672K, committed 50432K, reserved 1114112K
  class space    used 5089K, committed 5440K, reserved 1048576K
}
Event: 7.145 GC heap after
{Heap after GC invocations=12 (full 0):
 garbage-first heap   total reserved 1533952K, committed 89088K, used 46080K [0x00000000a2600000, 0x0000000100000000)
  region size 1024K, 5 young (5120K), 5 survivors (5120K)
 Metaspace       used 49672K, committed 50432K, reserved 1114112K
  class space    used 5089K, committed 5440K, reserved 1048576K
}
Event: 7.472 GC heap before
{Heap before GC invocations=12 (full 0):
 garbage-first heap   total reserved 1533952K, committed 89088K, used 75776K [0x00000000a2600000, 0x0000000100000000)
  region size 1024K, 34 young (34816K), 5 survivors (5120K)
 Metaspace       used 51498K, committed 52288K, reserved 1114112K
  class space    used 5301K, committed 5696K, reserved 1048576K
}
Event: 7.482 GC heap after
{Heap after GC invocations=13 (full 0):
 garbage-first heap   total reserved 1533952K, committed 89088K, used 48596K [0x00000000a2600000, 0x0000000100000000)
  region size 1024K, 2 young (2048K), 2 survivors (2048K)
 Metaspace       used 51498K, committed 52288K, reserved 1114112K
  class space    used 5301K, committed 5696K, reserved 1048576K
}
Event: 8.894 GC heap before
{Heap before GC invocations=14 (full 0):
 garbage-first heap   total reserved 1533952K, committed 89088K, used 77268K [0x00000000a2600000, 0x0000000100000000)
  region size 1024K, 30 young (30720K), 2 survivors (2048K)
 Metaspace       used 53920K, committed 54784K, reserved 1114112K
  class space    used 5493K, committed 5888K, reserved 1048576K
}
Event: 8.906 GC heap after
{Heap after GC invocations=15 (full 0):
 garbage-first heap   total reserved 1533952K, committed 89088K, used 52718K [0x00000000a2600000, 0x0000000100000000)
  region size 1024K, 4 young (4096K), 4 survivors (4096K)
 Metaspace       used 53920K, committed 54784K, reserved 1114112K
  class space    used 5493K, committed 5888K, reserved 1048576K
}
Event: 9.726 GC heap before
{Heap before GC invocations=15 (full 0):
 garbage-first heap   total reserved 1533952K, committed 89088K, used 78318K [0x00000000a2600000, 0x0000000100000000)
  region size 1024K, 29 young (29696K), 4 survivors (4096K)
 Metaspace       used 56602K, committed 57408K, reserved 1114112K
  class space    used 5794K, committed 6144K, reserved 1048576K
}
Event: 9.743 GC heap after
{Heap after GC invocations=16 (full 0):
 garbage-first heap   total reserved 1533952K, committed 89088K, used 57182K [0x00000000a2600000, 0x0000000100000000)
  region size 1024K, 4 young (4096K), 4 survivors (4096K)
 Metaspace       used 56602K, committed 57408K, reserved 1114112K
  class space    used 5794K, committed 6144K, reserved 1048576K
}
Event: 10.097 GC heap before
{Heap before GC invocations=16 (full 0):
 garbage-first heap   total reserved 1533952K, committed 89088K, used 65374K [0x00000000a2600000, 0x0000000100000000)
  region size 1024K, 13 young (13312K), 4 survivors (4096K)
 Metaspace       used 57006K, committed 57792K, reserved 1114112K
  class space    used 5811K, committed 6208K, reserved 1048576K
}
Event: 10.107 GC heap after
{Heap after GC invocations=17 (full 0):
 garbage-first heap   total reserved 1533952K, committed 89088K, used 59192K [0x00000000a2600000, 0x0000000100000000)
  region size 1024K, 2 young (2048K), 2 survivors (2048K)
 Metaspace       used 57006K, committed 57792K, reserved 1114112K
  class space    used 5811K, committed 6208K, reserved 1048576K
}
Event: 10.615 GC heap before
{Heap before GC invocations=18 (full 0):
 garbage-first heap   total reserved 1533952K, committed 101376K, used 80696K [0x00000000a2600000, 0x0000000100000000)
  region size 1024K, 22 young (22528K), 2 survivors (2048K)
 Metaspace       used 57508K, committed 58368K, reserved 1114112K
  class space    used 5838K, committed 6208K, reserved 1048576K
}
Event: 10.623 GC heap after
{Heap after GC invocations=19 (full 0):
 garbage-first heap   total reserved 1533952K, committed 101376K, used 61827K [0x00000000a2600000, 0x0000000100000000)
  region size 1024K, 3 young (3072K), 3 survivors (3072K)
 Metaspace       used 57508K, committed 58368K, reserved 1114112K
  class space    used 5838K, committed 6208K, reserved 1048576K
}

