# JRE version: OpenJDK Runtime Environment (21.0.7) (build 21.0.7+-13880790-b1038.58)
# Java VM: OpenJDK 64-Bit Server VM (21.0.7+-13880790-b1038.58, mixed mode, tiered, compressed oops, compressed class ptrs, g1 gc, windows-amd64)
GC Precious Log:
 CardTable entry size: 512
 Card Set container configuration: InlinePtr #cards 5 size 8 Array Of Cards #cards 12 size 40 Howl #buckets 4 coarsen threshold 1843 Howl Bitmap #cards 512 size 80 coarsen threshold 460 Card regions per heap region 1 cards per card region 2048
 CPUs: 12 total, 12 available
 Memory: 5987M
 Large Page Support: Disabled
 NUMA Support: Disabled
 Compressed Oops: Enabled (32-bit)
 Heap Region Size: 1M
 Heap Min Capacity: 8M
 Heap Initial Capacity: 94M
 Heap Max Capacity: 2G
 Pre-touch: Disabled
 Parallel Workers: 10
 Concurrent Workers: 3
 Concurrent Refinement Workers: 10
 Periodic GC: Disabled
Heap:
 garbage-first heap   total 172032K, used 136695K [0x0000000080000000, 0x0000000100000000)
  region size 1024K, 27 young (27648K), 6 survivors (6144K)
 Metaspace       used 108128K, committed 110080K, reserved 1179648K
  class space    used 14845K, committed 15808K, reserved 1048576K
GC Heap History (20 events):
Event: 16.802 GC heap before
{Heap before GC invocations=28 (full 0):
 garbage-first heap   total 126976K, used 115039K [0x0000000080000000, 0x0000000100000000)
  region size 1024K, 35 young (35840K), 4 survivors (4096K)
 Metaspace       used 84394K, committed 86208K, reserved 1179648K
  class space    used 11401K, committed 12288K, reserved 1048576K
}
Event: 16.806 GC heap after
{Heap after GC invocations=29 (full 0):
 garbage-first heap   total 126976K, used 85537K [0x0000000080000000, 0x0000000100000000)
  region size 1024K, 5 young (5120K), 5 survivors (5120K)
 Metaspace       used 84394K, committed 86208K, reserved 1179648K
  class space    used 11401K, committed 12288K, reserved 1048576K
}
Event: 17.155 GC heap before
{Heap before GC invocations=30 (full 0):
 garbage-first heap   total 145408K, used 112161K [0x0000000080000000, 0x0000000100000000)
  region size 1024K, 31 young (31744K), 5 survivors (5120K)
 Metaspace       used 85276K, committed 87104K, reserved 1179648K
  class space    used 11507K, committed 12416K, reserved 1048576K
}
Event: 17.159 GC heap after
{Heap after GC invocations=31 (full 0):
 garbage-first heap   total 145408K, used 87815K [0x0000000080000000, 0x0000000100000000)
  region size 1024K, 3 young (3072K), 3 survivors (3072K)
 Metaspace       used 85276K, committed 87104K, reserved 1179648K
  class space    used 11507K, committed 12416K, reserved 1048576K
}
Event: 23.624 GC heap before
{Heap before GC invocations=31 (full 0):
 garbage-first heap   total 145408K, used 132871K [0x0000000080000000, 0x0000000100000000)
  region size 1024K, 47 young (48128K), 3 survivors (3072K)
 Metaspace       used 88834K, committed 90624K, reserved 1179648K
  class space    used 12089K, committed 12992K, reserved 1048576K
}
Event: 23.629 GC heap after
{Heap after GC invocations=32 (full 0):
 garbage-first heap   total 145408K, used 88762K [0x0000000080000000, 0x0000000100000000)
  region size 1024K, 4 young (4096K), 4 survivors (4096K)
 Metaspace       used 88834K, committed 90624K, reserved 1179648K
  class space    used 12089K, committed 12992K, reserved 1048576K
}
Event: 24.482 GC heap before
{Heap before GC invocations=32 (full 0):
 garbage-first heap   total 145408K, used 132794K [0x0000000080000000, 0x0000000100000000)
  region size 1024K, 47 young (48128K), 4 survivors (4096K)
 Metaspace       used 92377K, committed 94144K, reserved 1179648K
  class space    used 12682K, committed 13568K, reserved 1048576K
}
Event: 24.486 GC heap after
{Heap after GC invocations=33 (full 0):
 garbage-first heap   total 145408K, used 91175K [0x0000000080000000, 0x0000000100000000)
  region size 1024K, 4 young (4096K), 4 survivors (4096K)
 Metaspace       used 92377K, committed 94144K, reserved 1179648K
  class space    used 12682K, committed 13568K, reserved 1048576K
}
Event: 25.297 GC heap before
{Heap before GC invocations=34 (full 0):
 garbage-first heap   total 153600K, used 132135K [0x0000000080000000, 0x0000000100000000)
  region size 1024K, 44 young (45056K), 4 survivors (4096K)
 Metaspace       used 95578K, committed 97408K, reserved 1179648K
  class space    used 13134K, committed 14016K, reserved 1048576K
}
Event: 25.301 GC heap after
{Heap after GC invocations=35 (full 0):
 garbage-first heap   total 153600K, used 93637K [0x0000000080000000, 0x0000000100000000)
  region size 1024K, 5 young (5120K), 5 survivors (5120K)
 Metaspace       used 95578K, committed 97408K, reserved 1179648K
  class space    used 13134K, committed 14016K, reserved 1048576K
}
Event: 25.699 GC heap before
{Heap before GC invocations=35 (full 0):
 garbage-first heap   total 153600K, used 139717K [0x0000000080000000, 0x0000000100000000)
  region size 1024K, 50 young (51200K), 5 survivors (5120K)
 Metaspace       used 99386K, committed 101248K, reserved 1179648K
  class space    used 13731K, committed 14656K, reserved 1048576K
}
Event: 25.704 GC heap after
{Heap after GC invocations=36 (full 0):
 garbage-first heap   total 153600K, used 95616K [0x0000000080000000, 0x0000000100000000)
  region size 1024K, 5 young (5120K), 5 survivors (5120K)
 Metaspace       used 99386K, committed 101248K, reserved 1179648K
  class space    used 13731K, committed 14656K, reserved 1048576K
}
Event: 26.240 GC heap before
{Heap before GC invocations=36 (full 0):
 garbage-first heap   total 153600K, used 139648K [0x0000000080000000, 0x0000000100000000)
  region size 1024K, 48 young (49152K), 5 survivors (5120K)
 Metaspace       used 103016K, committed 104896K, reserved 1179648K
  class space    used 14183K, committed 15104K, reserved 1048576K
}
Event: 26.245 GC heap after
{Heap after GC invocations=37 (full 0):
 garbage-first heap   total 153600K, used 99563K [0x0000000080000000, 0x0000000100000000)
  region size 1024K, 6 young (6144K), 6 survivors (6144K)
 Metaspace       used 103016K, committed 104896K, reserved 1179648K
  class space    used 14183K, committed 15104K, reserved 1048576K
}
Event: 26.487 GC heap before
{Heap before GC invocations=38 (full 0):
 garbage-first heap   total 167936K, used 137451K [0x0000000080000000, 0x0000000100000000)
  region size 1024K, 43 young (44032K), 6 survivors (6144K)
 Metaspace       used 103297K, committed 105216K, reserved 1179648K
  class space    used 14213K, committed 15168K, reserved 1048576K
}
Event: 26.492 GC heap after
{Heap after GC invocations=39 (full 0):
 garbage-first heap   total 167936K, used 105472K [0x0000000080000000, 0x0000000100000000)
  region size 1024K, 6 young (6144K), 6 survivors (6144K)
 Metaspace       used 103297K, committed 105216K, reserved 1179648K
  class space    used 14213K, committed 15168K, reserved 1048576K
}
Event: 27.423 GC heap before
{Heap before GC invocations=39 (full 0):
 garbage-first heap   total 167936K, used 156672K [0x0000000080000000, 0x0000000100000000)
  region size 1024K, 52 young (53248K), 6 survivors (6144K)
 Metaspace       used 106824K, committed 108736K, reserved 1179648K
  class space    used 14661K, committed 15616K, reserved 1048576K
}
Event: 27.431 GC heap after
{Heap after GC invocations=40 (full 0):
 garbage-first heap   total 172032K, used 112341K [0x0000000080000000, 0x0000000100000000)
  region size 1024K, 7 young (7168K), 7 survivors (7168K)
 Metaspace       used 106824K, committed 108736K, reserved 1179648K
  class space    used 14661K, committed 15616K, reserved 1048576K
}
Event: 27.886 GC heap before
{Heap before GC invocations=40 (full 0):
 garbage-first heap   total 172032K, used 154325K [0x0000000080000000, 0x0000000100000000)
  region size 1024K, 49 young (50176K), 7 survivors (7168K)
 Metaspace       used 107985K, committed 109888K, reserved 1179648K
  class space    used 14843K, committed 15808K, reserved 1048576K
}
Event: 27.893 GC heap after
{Heap after GC invocations=41 (full 0):
 garbage-first heap   total 172032K, used 117239K [0x0000000080000000, 0x0000000100000000)
  region size 1024K, 6 young (6144K), 6 survivors (6144K)
 Metaspace       used 107985K, committed 109888K, reserved 1179648K
  class space    used 14843K, committed 15808K, reserved 1048576K
}

