# JRE version: OpenJDK Runtime Environment (21.0.7) (build 21.0.7+-13880790-b1038.58)
# Java VM: OpenJDK 64-Bit Server VM (21.0.7+-13880790-b1038.58, mixed mode, tiered, compressed oops, compressed class ptrs, g1 gc, windows-amd64)
GC Precious Log:
 CardTable entry size: 512
 Card Set container configuration: InlinePtr #cards 5 size 8 Array Of Cards #cards 12 size 40 Howl #buckets 4 coarsen threshold 1843 Howl Bitmap #cards 512 size 80 coarsen threshold 460 Card regions per heap region 1 cards per card region 2048
 CPUs: 12 total, 12 available
 Memory: 5987M
 Large Page Support: Disabled
 NUMA Support: Disabled
 Compressed Oops: Enabled (32-bit)
 Heap Region Size: 1M
 Heap Min Capacity: 8M
 Heap Initial Capacity: 94M
 Heap Max Capacity: 2G
 Pre-touch: Disabled
 Parallel Workers: 10
 Concurrent Workers: 3
 Concurrent Refinement Workers: 10
 Periodic GC: Disabled
Heap:
 garbage-first heap   total 128000K, used 108435K [0x0000000080000000, 0x0000000100000000)
  region size 1024K, 39 young (39936K), 6 survivors (6144K)
 Metaspace       used 60588K, committed 62144K, reserved 1114112K
  class space    used 8479K, committed 9216K, reserved 1048576K
GC Heap History (20 events):
Event: 4.247 GC heap before
{Heap before GC invocations=5 (full 0):
 garbage-first heap   total 71680K, used 59159K [0x0000000080000000, 0x0000000100000000)
  region size 1024K, 42 young (43008K), 4 survivors (4096K)
 Metaspace       used 27878K, committed 28352K, reserved 1114112K
  class space    used 3499K, committed 3712K, reserved 1048576K
}
Event: 4.251 GC heap after
{Heap after GC invocations=6 (full 0):
 garbage-first heap   total 71680K, used 22499K [0x0000000080000000, 0x0000000100000000)
  region size 1024K, 3 young (3072K), 3 survivors (3072K)
 Metaspace       used 27878K, committed 28352K, reserved 1114112K
  class space    used 3499K, committed 3712K, reserved 1048576K
}
Event: 4.719 GC heap before
{Heap before GC invocations=6 (full 0):
 garbage-first heap   total 71680K, used 56291K [0x0000000080000000, 0x0000000100000000)
  region size 1024K, 36 young (36864K), 3 survivors (3072K)
 Metaspace       used 32239K, committed 32960K, reserved 1114112K
  class space    used 4281K, committed 4608K, reserved 1048576K
}
Event: 4.722 GC heap after
{Heap after GC invocations=7 (full 0):
 garbage-first heap   total 71680K, used 25077K [0x0000000080000000, 0x0000000100000000)
  region size 1024K, 5 young (5120K), 5 survivors (5120K)
 Metaspace       used 32239K, committed 32960K, reserved 1114112K
  class space    used 4281K, committed 4608K, reserved 1048576K
}
Event: 4.990 GC heap before
{Heap before GC invocations=7 (full 0):
 garbage-first heap   total 71680K, used 45557K [0x0000000080000000, 0x0000000100000000)
  region size 1024K, 26 young (26624K), 5 survivors (5120K)
 Metaspace       used 35172K, committed 35968K, reserved 1114112K
  class space    used 4800K, committed 5184K, reserved 1048576K
}
Event: 4.993 GC heap after
{Heap after GC invocations=8 (full 0):
 garbage-first heap   total 71680K, used 26270K [0x0000000080000000, 0x0000000100000000)
  region size 1024K, 4 young (4096K), 4 survivors (4096K)
 Metaspace       used 35172K, committed 35968K, reserved 1114112K
  class space    used 4800K, committed 5184K, reserved 1048576K
}
Event: 12.266 GC heap before
{Heap before GC invocations=9 (full 0):
 garbage-first heap   total 72704K, used 71326K [0x0000000080000000, 0x0000000100000000)
  region size 1024K, 21 young (21504K), 4 survivors (4096K)
 Metaspace       used 36513K, committed 37440K, reserved 1114112K
  class space    used 5026K, committed 5440K, reserved 1048576K
}
Event: 12.270 GC heap after
{Heap after GC invocations=10 (full 0):
 garbage-first heap   total 82944K, used 60798K [0x0000000080000000, 0x0000000100000000)
  region size 1024K, 5 young (5120K), 5 survivors (5120K)
 Metaspace       used 36513K, committed 37440K, reserved 1114112K
  class space    used 5026K, committed 5440K, reserved 1048576K
}
Event: 14.404 GC heap before
{Heap before GC invocations=10 (full 0):
 garbage-first heap   total 82944K, used 72062K [0x0000000080000000, 0x0000000100000000)
  region size 1024K, 16 young (16384K), 5 survivors (5120K)
 Metaspace       used 38094K, committed 38976K, reserved 1114112K
  class space    used 5242K, committed 5632K, reserved 1048576K
}
Event: 14.406 GC heap after
{Heap after GC invocations=11 (full 0):
 garbage-first heap   total 82944K, used 61207K [0x0000000080000000, 0x0000000100000000)
  region size 1024K, 1 young (1024K), 1 survivors (1024K)
 Metaspace       used 38094K, committed 38976K, reserved 1114112K
  class space    used 5242K, committed 5632K, reserved 1048576K
}
Event: 17.352 GC heap before
{Heap before GC invocations=11 (full 0):
 garbage-first heap   total 82944K, used 74519K [0x0000000080000000, 0x0000000100000000)
  region size 1024K, 14 young (14336K), 1 survivors (1024K)
 Metaspace       used 39969K, committed 40896K, reserved 1114112K
  class space    used 5550K, committed 6016K, reserved 1048576K
}
Event: 17.353 GC heap after
{Heap after GC invocations=12 (full 0):
 garbage-first heap   total 82944K, used 61758K [0x0000000080000000, 0x0000000100000000)
  region size 1024K, 2 young (2048K), 2 survivors (2048K)
 Metaspace       used 39969K, committed 40896K, reserved 1114112K
  class space    used 5550K, committed 6016K, reserved 1048576K
}
Event: 19.906 GC heap before
{Heap before GC invocations=13 (full 0):
 garbage-first heap   total 106496K, used 73022K [0x0000000080000000, 0x0000000100000000)
  region size 1024K, 13 young (13312K), 2 survivors (2048K)
 Metaspace       used 41532K, committed 42560K, reserved 1114112K
  class space    used 5784K, committed 6272K, reserved 1048576K
}
Event: 19.908 GC heap after
{Heap after GC invocations=14 (full 0):
 garbage-first heap   total 128000K, used 63024K [0x0000000080000000, 0x0000000100000000)
  region size 1024K, 2 young (2048K), 2 survivors (2048K)
 Metaspace       used 41532K, committed 42560K, reserved 1114112K
  class space    used 5784K, committed 6272K, reserved 1048576K
}
Event: 29.956 GC heap before
{Heap before GC invocations=14 (full 0):
 garbage-first heap   total 128000K, used 117296K [0x0000000080000000, 0x0000000100000000)
  region size 1024K, 51 young (52224K), 2 survivors (2048K)
 Metaspace       used 48107K, committed 49088K, reserved 1114112K
  class space    used 6412K, committed 6912K, reserved 1048576K
}
Event: 29.960 GC heap after
{Heap after GC invocations=15 (full 0):
 garbage-first heap   total 128000K, used 67478K [0x0000000080000000, 0x0000000100000000)
  region size 1024K, 7 young (7168K), 7 survivors (7168K)
 Metaspace       used 48107K, committed 49088K, reserved 1114112K
  class space    used 6412K, committed 6912K, reserved 1048576K
}
Event: 30.702 GC heap before
{Heap before GC invocations=15 (full 0):
 garbage-first heap   total 128000K, used 112534K [0x0000000080000000, 0x0000000100000000)
  region size 1024K, 51 young (52224K), 7 survivors (7168K)
 Metaspace       used 53372K, committed 54784K, reserved 1114112K
  class space    used 7269K, committed 7936K, reserved 1048576K
}
Event: 30.707 GC heap after
{Heap after GC invocations=16 (full 0):
 garbage-first heap   total 128000K, used 69761K [0x0000000080000000, 0x0000000100000000)
  region size 1024K, 3 young (3072K), 3 survivors (3072K)
 Metaspace       used 53372K, committed 54784K, reserved 1114112K
  class space    used 7269K, committed 7936K, reserved 1048576K
}
Event: 31.609 GC heap before
{Heap before GC invocations=17 (full 0):
 garbage-first heap   total 128000K, used 114817K [0x0000000080000000, 0x0000000100000000)
  region size 1024K, 46 young (47104K), 3 survivors (3072K)
 Metaspace       used 58337K, committed 59968K, reserved 1114112K
  class space    used 8101K, committed 8896K, reserved 1048576K
}
Event: 31.612 GC heap after
{Heap after GC invocations=18 (full 0):
 garbage-first heap   total 128000K, used 75667K [0x0000000080000000, 0x0000000100000000)
  region size 1024K, 6 young (6144K), 6 survivors (6144K)
 Metaspace       used 58337K, committed 59968K, reserved 1114112K
  class space    used 8101K, committed 8896K, reserved 1048576K
}

