# JRE version: Java(TM) SE Runtime Environment (24.0.2+12) (build 24.0.2+12-54)
# Java VM: Java HotSpot(TM) 64-Bit Server VM (24.0.2+12-54, mixed mode, sharing, tiered, compressed oops, compressed class ptrs, g1 gc, windows-amd64)
GC Precious Log:
 CardTable entry size: 512
 Card Set container configuration: InlinePtr #cards 4 size 8 Array Of Cards #cards 16 size 48 Howl #buckets 8 coarsen threshold 3686 Howl Bitmap #cards 512 size 80 coarsen threshold 460 Card regions per heap region 1 cards per card region 4096
 CPUs: 12 total, 12 available
 Memory: 5987M
 Large Page Support: Disabled
 NUMA Support: Disabled
 Compressed Oops: Enabled (Zero based)
 Heap Region Size: 2M
 Heap Min Capacity: 8M
 Heap Initial Capacity: 94M
 Heap Max Capacity: 4G
 Pre-touch: Disabled
 Parallel Workers: 10
 Concurrent Workers: 3
 Concurrent Refinement Workers: 10
 Periodic GC: Disabled
Heap:
 garbage-first heap   total reserved 4194304K, committed 593920K, used 533760K [0x0000000700000000, 0x0000000800000000)
  region size 2048K, 98 young (200704K), 13 survivors (26624K)
 Metaspace       used 138188K, committed 140416K, reserved 557056K
  class space    used 15053K, committed 16064K, reserved 425984K
GC Heap History (20 events):
Event: 158.452 GC heap before
{Heap before GC invocations=52 (full 0):
 garbage-first heap   total reserved 4194304K, committed 307200K, used 263877K [0x0000000700000000, 0x0000000800000000)
  region size 2048K, 48 young (98304K), 5 survivors (10240K)
 Metaspace       used 119246K, committed 121472K, reserved 557056K
  class space    used 12700K, committed 13760K, reserved 425984K
}
Event: 158.469 GC heap after
{Heap after GC invocations=53 (full 0):
 garbage-first heap   total reserved 4194304K, committed 307200K, used 153422K [0x0000000700000000, 0x0000000800000000)
  region size 2048K, 4 young (8192K), 4 survivors (8192K)
 Metaspace       used 119246K, committed 121472K, reserved 557056K
  class space    used 12700K, committed 13760K, reserved 425984K
}
Event: 159.259 GC heap before
{Heap before GC invocations=53 (full 0):
 garbage-first heap   total reserved 4194304K, committed 307200K, used 249678K [0x0000000700000000, 0x0000000800000000)
  region size 2048K, 52 young (106496K), 4 survivors (8192K)
 Metaspace       used 119806K, committed 122048K, reserved 557056K
  class space    used 12768K, committed 13824K, reserved 425984K
}
Event: 159.284 GC heap after
{Heap after GC invocations=54 (full 0):
 garbage-first heap   total reserved 4194304K, committed 368640K, used 149260K [0x0000000700000000, 0x0000000800000000)
  region size 2048K, 6 young (12288K), 6 survivors (12288K)
 Metaspace       used 119806K, committed 122048K, reserved 557056K
  class space    used 12768K, committed 13824K, reserved 425984K
}
Event: 159.363 GC heap before
{Heap before GC invocations=54 (full 0):
 garbage-first heap   total reserved 4194304K, committed 368640K, used 157452K [0x0000000700000000, 0x0000000800000000)
  region size 2048K, 11 young (22528K), 6 survivors (12288K)
 Metaspace       used 119911K, committed 122176K, reserved 557056K
  class space    used 12778K, committed 13824K, reserved 425984K
}
Event: 159.378 GC heap after
{Heap after GC invocations=55 (full 0):
 garbage-first heap   total reserved 4194304K, committed 368640K, used 150410K [0x0000000700000000, 0x0000000800000000)
  region size 2048K, 4 young (8192K), 4 survivors (8192K)
 Metaspace       used 119911K, committed 122176K, reserved 557056K
  class space    used 12778K, committed 13824K, reserved 425984K
}
Event: 160.558 GC heap before
{Heap before GC invocations=56 (full 0):
 garbage-first heap   total reserved 4194304K, committed 368640K, used 332682K [0x0000000700000000, 0x0000000800000000)
  region size 2048K, 75 young (153600K), 4 survivors (8192K)
 Metaspace       used 123912K, committed 126080K, reserved 557056K
  class space    used 13213K, committed 14272K, reserved 425984K
}
Event: 160.579 GC heap after
{Heap after GC invocations=57 (full 0):
 garbage-first heap   total reserved 4194304K, committed 382976K, used 213315K [0x0000000700000000, 0x0000000800000000)
  region size 2048K, 10 young (20480K), 10 survivors (20480K)
 Metaspace       used 123912K, committed 126080K, reserved 557056K
  class space    used 13213K, committed 14272K, reserved 425984K
}
Event: 161.028 GC heap before
{Heap before GC invocations=57 (full 0):
 garbage-first heap   total reserved 4194304K, committed 382976K, used 317763K [0x0000000700000000, 0x0000000800000000)
  region size 2048K, 62 young (126976K), 10 survivors (20480K)
 Metaspace       used 126824K, committed 128960K, reserved 557056K
  class space    used 13761K, committed 14784K, reserved 425984K
}
Event: 161.065 GC heap after
{Heap after GC invocations=58 (full 0):
 garbage-first heap   total reserved 4194304K, committed 389120K, used 252962K [0x0000000700000000, 0x0000000800000000)
  region size 2048K, 8 young (16384K), 8 survivors (16384K)
 Metaspace       used 126824K, committed 128960K, reserved 557056K
  class space    used 13761K, committed 14784K, reserved 425984K
}
Event: 161.194 GC heap before
{Heap before GC invocations=58 (full 0):
 garbage-first heap   total reserved 4194304K, committed 389120K, used 324642K [0x0000000700000000, 0x0000000800000000)
  region size 2048K, 44 young (90112K), 8 survivors (16384K)
 Metaspace       used 126945K, committed 129088K, reserved 557056K
  class space    used 13766K, committed 14784K, reserved 425984K
}
Event: 161.230 GC heap after
{Heap after GC invocations=59 (full 0):
 garbage-first heap   total reserved 4194304K, committed 389120K, used 291445K [0x0000000700000000, 0x0000000800000000)
  region size 2048K, 6 young (12288K), 6 survivors (12288K)
 Metaspace       used 126945K, committed 129088K, reserved 557056K
  class space    used 13766K, committed 14784K, reserved 425984K
}
Event: 161.903 GC heap before
{Heap before GC invocations=60 (full 0):
 garbage-first heap   total reserved 4194304K, committed 468992K, used 328309K [0x0000000700000000, 0x0000000800000000)
  region size 2048K, 30 young (61440K), 6 survivors (12288K)
 Metaspace       used 130232K, committed 132416K, reserved 557056K
  class space    used 14116K, committed 15168K, reserved 425984K
}
Event: 161.914 GC heap after
{Heap after GC invocations=61 (full 0):
 garbage-first heap   total reserved 4194304K, committed 468992K, used 283372K [0x0000000700000000, 0x0000000800000000)
  region size 2048K, 2 young (4096K), 2 survivors (4096K)
 Metaspace       used 130232K, committed 132416K, reserved 557056K
  class space    used 14116K, committed 15168K, reserved 425984K
}
Event: 162.571 GC heap before
{Heap before GC invocations=61 (full 0):
 garbage-first heap   total reserved 4194304K, committed 468992K, used 387820K [0x0000000700000000, 0x0000000800000000)
  region size 2048K, 54 young (110592K), 2 survivors (4096K)
 Metaspace       used 131962K, committed 134144K, reserved 557056K
  class space    used 14352K, committed 15360K, reserved 425984K
}
Event: 162.598 GC heap after
{Heap after GC invocations=62 (full 0):
 garbage-first heap   total reserved 4194304K, committed 593920K, used 283331K [0x0000000700000000, 0x0000000800000000)
  region size 2048K, 6 young (12288K), 6 survivors (12288K)
 Metaspace       used 131962K, committed 134144K, reserved 557056K
  class space    used 14352K, committed 15360K, reserved 425984K
}
Event: 163.239 GC heap before
{Heap before GC invocations=62 (full 0):
 garbage-first heap   total reserved 4194304K, committed 593920K, used 441027K [0x0000000700000000, 0x0000000800000000)
  region size 2048K, 85 young (174080K), 6 survivors (12288K)
 Metaspace       used 133649K, committed 135872K, reserved 557056K
  class space    used 14522K, committed 15552K, reserved 425984K
}
Event: 163.250 GC heap after
{Heap after GC invocations=63 (full 0):
 garbage-first heap   total reserved 4194304K, committed 593920K, used 287706K [0x0000000700000000, 0x0000000800000000)
  region size 2048K, 8 young (16384K), 8 survivors (16384K)
 Metaspace       used 133649K, committed 135872K, reserved 557056K
  class space    used 14522K, committed 15552K, reserved 425984K
}
Event: 165.702 GC heap before
{Heap before GC invocations=64 (full 0):
 garbage-first heap   total reserved 4194304K, committed 593920K, used 476122K [0x0000000700000000, 0x0000000800000000)
  region size 2048K, 97 young (198656K), 8 survivors (16384K)
 Metaspace       used 137270K, committed 139520K, reserved 557056K
  class space    used 14941K, committed 16000K, reserved 425984K
}
Event: 165.735 GC heap after
{Heap after GC invocations=65 (full 0):
 garbage-first heap   total reserved 4194304K, committed 593920K, used 314624K [0x0000000700000000, 0x0000000800000000)
  region size 2048K, 13 young (26624K), 13 survivors (26624K)
 Metaspace       used 137270K, committed 139520K, reserved 557056K
  class space    used 14941K, committed 16000K, reserved 425984K
}

